2018-08-10 16:38:03.222 INFO  c.c.socketio.SocketIOServer - Session store / pubsub factory used: MemoryStoreFactory (local session store only)
2018-08-10 16:38:04.790 INFO  c.f.server.websocket.WebSocketServer - 启动msgserver成功
2018-08-10 16:38:04.790 INFO  c.c.socketio.SocketIOServer - SocketIO server started at port: 7099
2018-08-10 16:38:34.692 INFO  c.c.socketio.SocketIOServer - Session store / pubsub factory used: MemoryStoreFactory (local session store only)
2018-08-10 16:38:36.128 INFO  c.c.socketio.SocketIOServer - SocketIO server started at port: 7099
2018-08-10 16:38:36.128 INFO  c.f.server.websocket.WebSocketServer - 启动msgserver成功
2018-08-10 16:40:20.908 INFO  c.c.socketio.SocketIOServer - Session store / pubsub factory used: MemoryStoreFactory (local session store only)
2018-08-10 16:40:22.277 INFO  c.f.server.websocket.WebSocketServer - 启动msgserver成功
2018-08-10 16:40:22.277 INFO  c.c.socketio.SocketIOServer - SocketIO server started at port: 7099
2018-08-10 16:43:55.250 INFO  c.c.socketio.SocketIOServer - Session store / pubsub factory used: MemoryStoreFactory (local session store only)
2018-08-10 16:43:56.646 INFO  c.f.server.websocket.WebSocketServer - 启动msgserver成功
2018-08-10 16:43:56.646 INFO  c.c.socketio.SocketIOServer - SocketIO server started at port: 7099
2018-08-10 16:45:34.450 INFO  c.c.socketio.SocketIOServer - Session store / pubsub factory used: MemoryStoreFactory (local session store only)
2018-08-10 16:45:35.808 INFO  c.f.server.websocket.WebSocketServer - 启动msgserver成功
2018-08-10 16:45:35.808 INFO  c.c.socketio.SocketIOServer - SocketIO server started at port: 7099
2018-08-10 16:48:34.905 INFO  c.c.socketio.SocketIOServer - Session store / pubsub factory used: MemoryStoreFactory (local session store only)
2018-08-10 16:48:36.296 INFO  c.f.server.websocket.WebSocketServer - 启动msgserver成功
2018-08-10 16:48:36.295 INFO  c.c.socketio.SocketIOServer - SocketIO server started at port: 7099
2018-08-10 16:51:05.468 INFO  c.c.socketio.SocketIOServer - Session store / pubsub factory used: MemoryStoreFactory (local session store only)
2018-08-10 16:51:06.913 INFO  c.c.socketio.SocketIOServer - SocketIO server started at port: 7099
2018-08-10 16:51:06.916 INFO  c.f.server.websocket.WebSocketServer - 启动msgserver成功
2018-08-10 16:52:11.804 INFO  c.c.socketio.SocketIOServer - Session store / pubsub factory used: MemoryStoreFactory (local session store only)
2018-08-10 16:52:13.204 INFO  c.f.server.websocket.WebSocketServer - 启动msgserver成功
2018-08-10 16:52:13.204 INFO  c.c.socketio.SocketIOServer - SocketIO server started at port: 7099
2018-08-10 16:53:16.321 INFO  c.c.socketio.SocketIOServer - Session store / pubsub factory used: MemoryStoreFactory (local session store only)
2018-08-10 16:53:17.724 INFO  c.f.server.websocket.WebSocketServer - 启动msgserver成功
2018-08-10 16:53:17.724 INFO  c.c.socketio.SocketIOServer - SocketIO server started at port: 7099
2018-08-10 16:54:32.859 INFO  c.c.socketio.SocketIOServer - Session store / pubsub factory used: MemoryStoreFactory (local session store only)
2018-08-10 16:54:34.146 INFO  c.c.socketio.SocketIOServer - SocketIO server started at port: 7099
2018-08-10 16:54:34.146 INFO  c.f.server.websocket.WebSocketServer - 启动msgserver成功
2018-08-10 16:54:42.292 INFO  c.c.socketio.SocketIOServer - SocketIO server stopped
2018-08-10 16:56:37.046 INFO  c.c.socketio.SocketIOServer - Session store / pubsub factory used: MemoryStoreFactory (local session store only)
2018-08-10 16:56:38.380 INFO  c.f.server.websocket.WebSocketServer - 启动msgserver成功
2018-08-10 16:56:38.380 INFO  c.c.socketio.SocketIOServer - SocketIO server started at port: 7099
2018-08-10 16:57:06.181 INFO  c.c.socketio.SocketIOServer - Session store / pubsub factory used: MemoryStoreFactory (local session store only)
2018-08-10 16:57:07.585 INFO  c.f.server.websocket.WebSocketServer - 启动msgserver成功
2018-08-10 16:57:07.585 INFO  c.c.socketio.SocketIOServer - SocketIO server started at port: 7099
2018-08-10 16:58:10.363 INFO  c.c.socketio.SocketIOServer - Session store / pubsub factory used: MemoryStoreFactory (local session store only)
2018-08-10 16:58:11.693 INFO  c.c.socketio.SocketIOServer - SocketIO server started at port: 7099
2018-08-10 16:58:11.694 INFO  c.f.server.websocket.WebSocketServer - 启动msgserver成功
2018-08-10 17:00:43.616 INFO  c.c.socketio.SocketIOServer - Session store / pubsub factory used: MemoryStoreFactory (local session store only)
2018-08-10 17:00:44.974 INFO  c.f.server.websocket.WebSocketServer - 启动msgserver成功
2018-08-10 17:00:44.974 INFO  c.c.socketio.SocketIOServer - SocketIO server started at port: 7099
2018-08-10 17:01:25.108 INFO  c.c.socketio.SocketIOServer - Session store / pubsub factory used: MemoryStoreFactory (local session store only)
2018-08-10 17:01:26.902 INFO  c.f.server.websocket.WebSocketServer - 启动msgserver成功
2018-08-10 17:01:26.903 INFO  c.c.socketio.SocketIOServer - SocketIO server started at port: 7099
2018-08-10 17:03:49.768 INFO  c.c.socketio.SocketIOServer - Session store / pubsub factory used: MemoryStoreFactory (local session store only)
2018-08-10 17:03:51.186 INFO  c.f.server.websocket.WebSocketServer - 启动msgserver成功
2018-08-10 17:03:51.186 INFO  c.c.socketio.SocketIOServer - SocketIO server started at port: 7099
2018-08-10 17:04:35.378 INFO  c.c.socketio.SocketIOServer - Session store / pubsub factory used: MemoryStoreFactory (local session store only)
2018-08-10 17:04:36.940 INFO  c.f.server.websocket.WebSocketServer - 启动msgserver成功
2018-08-10 17:04:36.940 INFO  c.c.socketio.SocketIOServer - SocketIO server started at port: 7099
2018-08-10 17:06:04.943 INFO  c.c.socketio.SocketIOServer - Session store / pubsub factory used: MemoryStoreFactory (local session store only)
2018-08-10 17:06:06.296 INFO  c.f.server.websocket.WebSocketServer - 启动msgserver成功
2018-08-10 17:06:06.296 INFO  c.c.socketio.SocketIOServer - SocketIO server started at port: 7099
2018-08-10 17:06:52.452 INFO  c.c.socketio.SocketIOServer - Session store / pubsub factory used: MemoryStoreFactory (local session store only)
2018-08-10 17:06:53.809 INFO  c.c.socketio.SocketIOServer - SocketIO server started at port: 7099
2018-08-10 17:06:53.809 INFO  c.f.server.websocket.WebSocketServer - 启动msgserver成功
2018-08-10 17:07:51.582 INFO  c.f.server.websocket.WebSocketServer - 客户端进入:1533892071581
2018-08-10 17:07:51.582 INFO  c.f.server.websocket.WebSocketServer - 客户端所在ip和端口:/172.26.84.19:58937
2018-08-10 17:07:51.582 INFO  c.f.server.websocket.WebSocketServer - 客户端所在域名:172.26.84.19:7099
2018-08-10 17:07:51.589 INFO  c.f.server.websocket.WebSocketServer - 系统目前人数为:1
2018-08-10 17:26:31.798 INFO  c.c.socketio.SocketIOServer - Session store / pubsub factory used: MemoryStoreFactory (local session store only)
2018-08-10 17:26:33.108 INFO  c.f.server.websocket.WebSocketServer - 启动msgserver成功
2018-08-10 17:26:33.108 INFO  c.c.socketio.SocketIOServer - SocketIO server started at port: 7099
2018-08-10 17:30:43.995 INFO  c.c.socketio.SocketIOServer - Session store / pubsub factory used: MemoryStoreFactory (local session store only)
2018-08-10 17:30:45.445 INFO  c.f.server.websocket.WebSocketServer - 启动msgserver成功
2018-08-10 17:30:45.445 INFO  c.c.socketio.SocketIOServer - SocketIO server started at port: 7099
2018-08-10 17:31:19.740 INFO  c.c.socketio.SocketIOServer - Session store / pubsub factory used: MemoryStoreFactory (local session store only)
2018-08-10 17:31:21.218 INFO  c.f.server.websocket.WebSocketServer - 启动msgserver成功
2018-08-10 17:31:21.218 INFO  c.c.socketio.SocketIOServer - SocketIO server started at port: 7099
2018-08-10 17:32:48.014 INFO  c.f.server.websocket.WebSocketServer - 客户端进入:1533893568014
2018-08-10 17:32:48.014 INFO  c.f.server.websocket.WebSocketServer - 客户端所在ip和端口:/172.26.84.19:59454
2018-08-10 17:32:48.014 INFO  c.f.server.websocket.WebSocketServer - 客户端所在域名:172.26.84.19:7099
2018-08-10 17:32:48.022 INFO  c.f.server.websocket.WebSocketServer - 系统目前人数为:1
2018-08-10 17:53:52.540 INFO  c.c.socketio.SocketIOServer - Session store / pubsub factory used: MemoryStoreFactory (local session store only)
2018-08-10 17:53:53.887 INFO  c.f.server.websocket.WebSocketServer - 启动msgserver成功
2018-08-10 17:53:53.887 INFO  c.c.socketio.SocketIOServer - SocketIO server started at port: 7099
2018-08-10 17:56:25.504 INFO  c.c.socketio.SocketIOServer - Session store / pubsub factory used: MemoryStoreFactory (local session store only)
2018-08-10 17:56:27.020 INFO  c.f.server.websocket.WebSocketServer - 启动msgserver成功
2018-08-10 17:56:27.020 INFO  c.c.socketio.SocketIOServer - SocketIO server started at port: 7099
2018-08-10 17:57:14.533 INFO  c.c.socketio.SocketIOServer - Session store / pubsub factory used: MemoryStoreFactory (local session store only)
2018-08-10 17:57:16.150 INFO  c.c.socketio.SocketIOServer - SocketIO server started at port: 7099
2018-08-10 17:57:16.154 INFO  c.f.server.websocket.WebSocketServer - 启动msgserver成功
2018-08-10 18:01:24.852 INFO  c.c.socketio.SocketIOServer - Session store / pubsub factory used: MemoryStoreFactory (local session store only)
2018-08-10 18:01:26.479 INFO  c.f.server.websocket.WebSocketServer - 启动msgserver成功
2018-08-10 18:01:26.479 INFO  c.c.socketio.SocketIOServer - SocketIO server started at port: 7099
2018-08-10 18:18:36.748 INFO  c.c.socketio.SocketIOServer - Session store / pubsub factory used: MemoryStoreFactory (local session store only)
2018-08-10 18:18:38.285 INFO  c.f.server.websocket.WebSocketServer - 启动msgserver成功
2018-08-10 18:18:38.285 INFO  c.c.socketio.SocketIOServer - SocketIO server started at port: 7099
2018-08-10 18:18:51.547 INFO  c.f.server.websocket.WebSocketServer - 客户端进入:1533896331547
2018-08-10 18:18:51.548 INFO  c.f.server.websocket.WebSocketServer - 客户端所在ip和端口:/172.26.84.19:61477
2018-08-10 18:18:51.548 INFO  c.f.server.websocket.WebSocketServer - 客户端所在域名:172.26.84.19:7099
