2018-08-06 10:37:54.814 ERROR c.c.s.l.DefaultExceptionListener - 远程主机强迫关闭了一个现有的连接。
java.io.IOException: 远程主机强迫关闭了一个现有的连接。
	at sun.nio.ch.SocketDispatcher.read0(Native Method) ~[na:1.8.0_25]
	at sun.nio.ch.SocketDispatcher.read(SocketDispatcher.java:43) ~[na:1.8.0_25]
	at sun.nio.ch.IOUtil.readIntoNativeBuffer(IOUtil.java:223) ~[na:1.8.0_25]
	at sun.nio.ch.IOUtil.read(IOUtil.java:192) ~[na:1.8.0_25]
	at sun.nio.ch.SocketChannelImpl.read(SocketChannelImpl.java:379) ~[na:1.8.0_25]
	at io.netty.buffer.PooledUnsafeDirectByteBuf.setBytes(PooledUnsafeDirectByteBuf.java:288) ~[netty-buffer-4.1.1.Final.jar:4.1.1.Final]
	at io.netty.buffer.AbstractByteBuf.writeBytes(AbstractByteBuf.java:1098) ~[netty-buffer-4.1.1.Final.jar:4.1.1.Final]
	at io.netty.channel.socket.nio.NioSocketChannel.doReadBytes(NioSocketChannel.java:350) ~[netty-transport-4.1.1.Final.jar:4.1.1.Final]
	at io.netty.channel.nio.AbstractNioByteChannel$NioByteUnsafe.read(AbstractNioByteChannel.java:112) ~[netty-transport-4.1.1.Final.jar:4.1.1.Final]
	at io.netty.channel.nio.NioEventLoop.processSelectedKey(NioEventLoop.java:563) [netty-transport-4.1.1.Final.jar:4.1.1.Final]
	at io.netty.channel.nio.NioEventLoop.processSelectedKeysOptimized(NioEventLoop.java:504) [netty-transport-4.1.1.Final.jar:4.1.1.Final]
	at io.netty.channel.nio.NioEventLoop.processSelectedKeys(NioEventLoop.java:418) [netty-transport-4.1.1.Final.jar:4.1.1.Final]
	at io.netty.channel.nio.NioEventLoop.run(NioEventLoop.java:390) [netty-transport-4.1.1.Final.jar:4.1.1.Final]
	at io.netty.util.concurrent.SingleThreadEventExecutor$5.run(SingleThreadEventExecutor.java:742) [netty-common-4.1.1.Final.jar:4.1.1.Final]
	at io.netty.util.concurrent.DefaultThreadFactory$DefaultRunnableDecorator.run(DefaultThreadFactory.java:145) [netty-common-4.1.1.Final.jar:4.1.1.Final]
	at java.lang.Thread.run(Thread.java:745) [na:1.8.0_25]
2018-08-06 10:38:40.877 ERROR c.c.s.transport.PollingTransport - 7ce91259-c22b-4599-9e8c-07ac3f226bb7 is not registered. Closing connection
2018-08-06 10:52:24.139 ERROR c.c.s.l.DefaultExceptionListener - 远程主机强迫关闭了一个现有的连接。
java.io.IOException: 远程主机强迫关闭了一个现有的连接。
	at sun.nio.ch.SocketDispatcher.read0(Native Method) ~[na:1.8.0_25]
	at sun.nio.ch.SocketDispatcher.read(SocketDispatcher.java:43) ~[na:1.8.0_25]
	at sun.nio.ch.IOUtil.readIntoNativeBuffer(IOUtil.java:223) ~[na:1.8.0_25]
	at sun.nio.ch.IOUtil.read(IOUtil.java:192) ~[na:1.8.0_25]
	at sun.nio.ch.SocketChannelImpl.read(SocketChannelImpl.java:379) ~[na:1.8.0_25]
	at io.netty.buffer.PooledUnsafeDirectByteBuf.setBytes(PooledUnsafeDirectByteBuf.java:288) ~[netty-buffer-4.1.1.Final.jar:4.1.1.Final]
	at io.netty.buffer.AbstractByteBuf.writeBytes(AbstractByteBuf.java:1098) ~[netty-buffer-4.1.1.Final.jar:4.1.1.Final]
	at io.netty.channel.socket.nio.NioSocketChannel.doReadBytes(NioSocketChannel.java:350) ~[netty-transport-4.1.1.Final.jar:4.1.1.Final]
	at io.netty.channel.nio.AbstractNioByteChannel$NioByteUnsafe.read(AbstractNioByteChannel.java:112) ~[netty-transport-4.1.1.Final.jar:4.1.1.Final]
	at io.netty.channel.nio.NioEventLoop.processSelectedKey(NioEventLoop.java:563) [netty-transport-4.1.1.Final.jar:4.1.1.Final]
	at io.netty.channel.nio.NioEventLoop.processSelectedKeysOptimized(NioEventLoop.java:504) [netty-transport-4.1.1.Final.jar:4.1.1.Final]
	at io.netty.channel.nio.NioEventLoop.processSelectedKeys(NioEventLoop.java:418) [netty-transport-4.1.1.Final.jar:4.1.1.Final]
	at io.netty.channel.nio.NioEventLoop.run(NioEventLoop.java:390) [netty-transport-4.1.1.Final.jar:4.1.1.Final]
	at io.netty.util.concurrent.SingleThreadEventExecutor$5.run(SingleThreadEventExecutor.java:742) [netty-common-4.1.1.Final.jar:4.1.1.Final]
	at io.netty.util.concurrent.DefaultThreadFactory$DefaultRunnableDecorator.run(DefaultThreadFactory.java:145) [netty-common-4.1.1.Final.jar:4.1.1.Final]
	at java.lang.Thread.run(Thread.java:745) [na:1.8.0_25]
2018-08-06 10:54:22.852 ERROR c.c.s.l.DefaultExceptionListener - 远程主机强迫关闭了一个现有的连接。
java.io.IOException: 远程主机强迫关闭了一个现有的连接。
	at sun.nio.ch.SocketDispatcher.read0(Native Method) ~[na:1.8.0_25]
	at sun.nio.ch.SocketDispatcher.read(SocketDispatcher.java:43) ~[na:1.8.0_25]
	at sun.nio.ch.IOUtil.readIntoNativeBuffer(IOUtil.java:223) ~[na:1.8.0_25]
	at sun.nio.ch.IOUtil.read(IOUtil.java:192) ~[na:1.8.0_25]
	at sun.nio.ch.SocketChannelImpl.read(SocketChannelImpl.java:379) ~[na:1.8.0_25]
	at io.netty.buffer.PooledUnsafeDirectByteBuf.setBytes(PooledUnsafeDirectByteBuf.java:288) ~[netty-buffer-4.1.1.Final.jar:4.1.1.Final]
	at io.netty.buffer.AbstractByteBuf.writeBytes(AbstractByteBuf.java:1098) ~[netty-buffer-4.1.1.Final.jar:4.1.1.Final]
	at io.netty.channel.socket.nio.NioSocketChannel.doReadBytes(NioSocketChannel.java:350) ~[netty-transport-4.1.1.Final.jar:4.1.1.Final]
	at io.netty.channel.nio.AbstractNioByteChannel$NioByteUnsafe.read(AbstractNioByteChannel.java:112) ~[netty-transport-4.1.1.Final.jar:4.1.1.Final]
	at io.netty.channel.nio.NioEventLoop.processSelectedKey(NioEventLoop.java:563) [netty-transport-4.1.1.Final.jar:4.1.1.Final]
	at io.netty.channel.nio.NioEventLoop.processSelectedKeysOptimized(NioEventLoop.java:504) [netty-transport-4.1.1.Final.jar:4.1.1.Final]
	at io.netty.channel.nio.NioEventLoop.processSelectedKeys(NioEventLoop.java:418) [netty-transport-4.1.1.Final.jar:4.1.1.Final]
	at io.netty.channel.nio.NioEventLoop.run(NioEventLoop.java:390) [netty-transport-4.1.1.Final.jar:4.1.1.Final]
	at io.netty.util.concurrent.SingleThreadEventExecutor$5.run(SingleThreadEventExecutor.java:742) [netty-common-4.1.1.Final.jar:4.1.1.Final]
	at io.netty.util.concurrent.DefaultThreadFactory$DefaultRunnableDecorator.run(DefaultThreadFactory.java:145) [netty-common-4.1.1.Final.jar:4.1.1.Final]
	at java.lang.Thread.run(Thread.java:745) [na:1.8.0_25]
2018-08-06 10:55:07.158 ERROR c.c.s.l.DefaultExceptionListener - 远程主机强迫关闭了一个现有的连接。
java.io.IOException: 远程主机强迫关闭了一个现有的连接。
	at sun.nio.ch.SocketDispatcher.read0(Native Method) ~[na:1.8.0_25]
	at sun.nio.ch.SocketDispatcher.read(SocketDispatcher.java:43) ~[na:1.8.0_25]
	at sun.nio.ch.IOUtil.readIntoNativeBuffer(IOUtil.java:223) ~[na:1.8.0_25]
	at sun.nio.ch.IOUtil.read(IOUtil.java:192) ~[na:1.8.0_25]
	at sun.nio.ch.SocketChannelImpl.read(SocketChannelImpl.java:379) ~[na:1.8.0_25]
	at io.netty.buffer.PooledUnsafeDirectByteBuf.setBytes(PooledUnsafeDirectByteBuf.java:288) ~[netty-buffer-4.1.1.Final.jar:4.1.1.Final]
	at io.netty.buffer.AbstractByteBuf.writeBytes(AbstractByteBuf.java:1098) ~[netty-buffer-4.1.1.Final.jar:4.1.1.Final]
	at io.netty.channel.socket.nio.NioSocketChannel.doReadBytes(NioSocketChannel.java:350) ~[netty-transport-4.1.1.Final.jar:4.1.1.Final]
	at io.netty.channel.nio.AbstractNioByteChannel$NioByteUnsafe.read(AbstractNioByteChannel.java:112) ~[netty-transport-4.1.1.Final.jar:4.1.1.Final]
	at io.netty.channel.nio.NioEventLoop.processSelectedKey(NioEventLoop.java:563) [netty-transport-4.1.1.Final.jar:4.1.1.Final]
	at io.netty.channel.nio.NioEventLoop.processSelectedKeysOptimized(NioEventLoop.java:504) [netty-transport-4.1.1.Final.jar:4.1.1.Final]
	at io.netty.channel.nio.NioEventLoop.processSelectedKeys(NioEventLoop.java:418) [netty-transport-4.1.1.Final.jar:4.1.1.Final]
	at io.netty.channel.nio.NioEventLoop.run(NioEventLoop.java:390) [netty-transport-4.1.1.Final.jar:4.1.1.Final]
	at io.netty.util.concurrent.SingleThreadEventExecutor$5.run(SingleThreadEventExecutor.java:742) [netty-common-4.1.1.Final.jar:4.1.1.Final]
	at io.netty.util.concurrent.DefaultThreadFactory$DefaultRunnableDecorator.run(DefaultThreadFactory.java:145) [netty-common-4.1.1.Final.jar:4.1.1.Final]
	at java.lang.Thread.run(Thread.java:745) [na:1.8.0_25]
2018-08-06 11:01:04.979 ERROR c.c.s.l.DefaultExceptionListener - 远程主机强迫关闭了一个现有的连接。
java.io.IOException: 远程主机强迫关闭了一个现有的连接。
	at sun.nio.ch.SocketDispatcher.read0(Native Method) ~[na:1.8.0_25]
	at sun.nio.ch.SocketDispatcher.read(SocketDispatcher.java:43) ~[na:1.8.0_25]
	at sun.nio.ch.IOUtil.readIntoNativeBuffer(IOUtil.java:223) ~[na:1.8.0_25]
	at sun.nio.ch.IOUtil.read(IOUtil.java:192) ~[na:1.8.0_25]
	at sun.nio.ch.SocketChannelImpl.read(SocketChannelImpl.java:379) ~[na:1.8.0_25]
	at io.netty.buffer.PooledUnsafeDirectByteBuf.setBytes(PooledUnsafeDirectByteBuf.java:288) ~[netty-buffer-4.1.1.Final.jar:4.1.1.Final]
	at io.netty.buffer.AbstractByteBuf.writeBytes(AbstractByteBuf.java:1098) ~[netty-buffer-4.1.1.Final.jar:4.1.1.Final]
	at io.netty.channel.socket.nio.NioSocketChannel.doReadBytes(NioSocketChannel.java:350) ~[netty-transport-4.1.1.Final.jar:4.1.1.Final]
	at io.netty.channel.nio.AbstractNioByteChannel$NioByteUnsafe.read(AbstractNioByteChannel.java:112) ~[netty-transport-4.1.1.Final.jar:4.1.1.Final]
	at io.netty.channel.nio.NioEventLoop.processSelectedKey(NioEventLoop.java:563) [netty-transport-4.1.1.Final.jar:4.1.1.Final]
	at io.netty.channel.nio.NioEventLoop.processSelectedKeysOptimized(NioEventLoop.java:504) [netty-transport-4.1.1.Final.jar:4.1.1.Final]
	at io.netty.channel.nio.NioEventLoop.processSelectedKeys(NioEventLoop.java:418) [netty-transport-4.1.1.Final.jar:4.1.1.Final]
	at io.netty.channel.nio.NioEventLoop.run(NioEventLoop.java:390) [netty-transport-4.1.1.Final.jar:4.1.1.Final]
	at io.netty.util.concurrent.SingleThreadEventExecutor$5.run(SingleThreadEventExecutor.java:742) [netty-common-4.1.1.Final.jar:4.1.1.Final]
	at io.netty.util.concurrent.DefaultThreadFactory$DefaultRunnableDecorator.run(DefaultThreadFactory.java:145) [netty-common-4.1.1.Final.jar:4.1.1.Final]
	at java.lang.Thread.run(Thread.java:745) [na:1.8.0_25]
2018-08-06 19:22:29.175 ERROR c.c.s.l.DefaultExceptionListener - 远程主机强迫关闭了一个现有的连接。
java.io.IOException: 远程主机强迫关闭了一个现有的连接。
	at sun.nio.ch.SocketDispatcher.read0(Native Method) ~[na:1.8.0_25]
	at sun.nio.ch.SocketDispatcher.read(SocketDispatcher.java:43) ~[na:1.8.0_25]
	at sun.nio.ch.IOUtil.readIntoNativeBuffer(IOUtil.java:223) ~[na:1.8.0_25]
	at sun.nio.ch.IOUtil.read(IOUtil.java:192) ~[na:1.8.0_25]
	at sun.nio.ch.SocketChannelImpl.read(SocketChannelImpl.java:379) ~[na:1.8.0_25]
	at io.netty.buffer.PooledUnsafeDirectByteBuf.setBytes(PooledUnsafeDirectByteBuf.java:288) ~[netty-buffer-4.1.1.Final.jar:4.1.1.Final]
	at io.netty.buffer.AbstractByteBuf.writeBytes(AbstractByteBuf.java:1098) ~[netty-buffer-4.1.1.Final.jar:4.1.1.Final]
	at io.netty.channel.socket.nio.NioSocketChannel.doReadBytes(NioSocketChannel.java:350) ~[netty-transport-4.1.1.Final.jar:4.1.1.Final]
	at io.netty.channel.nio.AbstractNioByteChannel$NioByteUnsafe.read(AbstractNioByteChannel.java:112) ~[netty-transport-4.1.1.Final.jar:4.1.1.Final]
	at io.netty.channel.nio.NioEventLoop.processSelectedKey(NioEventLoop.java:563) [netty-transport-4.1.1.Final.jar:4.1.1.Final]
	at io.netty.channel.nio.NioEventLoop.processSelectedKeysOptimized(NioEventLoop.java:504) [netty-transport-4.1.1.Final.jar:4.1.1.Final]
	at io.netty.channel.nio.NioEventLoop.processSelectedKeys(NioEventLoop.java:418) [netty-transport-4.1.1.Final.jar:4.1.1.Final]
	at io.netty.channel.nio.NioEventLoop.run(NioEventLoop.java:390) [netty-transport-4.1.1.Final.jar:4.1.1.Final]
	at io.netty.util.concurrent.SingleThreadEventExecutor$5.run(SingleThreadEventExecutor.java:742) [netty-common-4.1.1.Final.jar:4.1.1.Final]
	at io.netty.util.concurrent.DefaultThreadFactory$DefaultRunnableDecorator.run(DefaultThreadFactory.java:145) [netty-common-4.1.1.Final.jar:4.1.1.Final]
	at java.lang.Thread.run(Thread.java:745) [na:1.8.0_25]
2018-08-06 19:22:37.289 ERROR c.c.s.l.DefaultExceptionListener - 远程主机强迫关闭了一个现有的连接。
java.io.IOException: 远程主机强迫关闭了一个现有的连接。
	at sun.nio.ch.SocketDispatcher.read0(Native Method) ~[na:1.8.0_25]
	at sun.nio.ch.SocketDispatcher.read(SocketDispatcher.java:43) ~[na:1.8.0_25]
	at sun.nio.ch.IOUtil.readIntoNativeBuffer(IOUtil.java:223) ~[na:1.8.0_25]
	at sun.nio.ch.IOUtil.read(IOUtil.java:192) ~[na:1.8.0_25]
	at sun.nio.ch.SocketChannelImpl.read(SocketChannelImpl.java:379) ~[na:1.8.0_25]
	at io.netty.buffer.PooledUnsafeDirectByteBuf.setBytes(PooledUnsafeDirectByteBuf.java:288) ~[netty-buffer-4.1.1.Final.jar:4.1.1.Final]
	at io.netty.buffer.AbstractByteBuf.writeBytes(AbstractByteBuf.java:1098) ~[netty-buffer-4.1.1.Final.jar:4.1.1.Final]
	at io.netty.channel.socket.nio.NioSocketChannel.doReadBytes(NioSocketChannel.java:350) ~[netty-transport-4.1.1.Final.jar:4.1.1.Final]
	at io.netty.channel.nio.AbstractNioByteChannel$NioByteUnsafe.read(AbstractNioByteChannel.java:112) ~[netty-transport-4.1.1.Final.jar:4.1.1.Final]
	at io.netty.channel.nio.NioEventLoop.processSelectedKey(NioEventLoop.java:563) [netty-transport-4.1.1.Final.jar:4.1.1.Final]
	at io.netty.channel.nio.NioEventLoop.processSelectedKeysOptimized(NioEventLoop.java:504) [netty-transport-4.1.1.Final.jar:4.1.1.Final]
	at io.netty.channel.nio.NioEventLoop.processSelectedKeys(NioEventLoop.java:418) [netty-transport-4.1.1.Final.jar:4.1.1.Final]
	at io.netty.channel.nio.NioEventLoop.run(NioEventLoop.java:390) [netty-transport-4.1.1.Final.jar:4.1.1.Final]
	at io.netty.util.concurrent.SingleThreadEventExecutor$5.run(SingleThreadEventExecutor.java:742) [netty-common-4.1.1.Final.jar:4.1.1.Final]
	at io.netty.util.concurrent.DefaultThreadFactory$DefaultRunnableDecorator.run(DefaultThreadFactory.java:145) [netty-common-4.1.1.Final.jar:4.1.1.Final]
	at java.lang.Thread.run(Thread.java:745) [na:1.8.0_25]
2018-08-06 19:22:37.290 ERROR c.c.s.l.DefaultExceptionListener - 远程主机强迫关闭了一个现有的连接。
java.io.IOException: 远程主机强迫关闭了一个现有的连接。
	at sun.nio.ch.SocketDispatcher.read0(Native Method) ~[na:1.8.0_25]
	at sun.nio.ch.SocketDispatcher.read(SocketDispatcher.java:43) ~[na:1.8.0_25]
	at sun.nio.ch.IOUtil.readIntoNativeBuffer(IOUtil.java:223) ~[na:1.8.0_25]
	at sun.nio.ch.IOUtil.read(IOUtil.java:192) ~[na:1.8.0_25]
	at sun.nio.ch.SocketChannelImpl.read(SocketChannelImpl.java:379) ~[na:1.8.0_25]
	at io.netty.buffer.PooledUnsafeDirectByteBuf.setBytes(PooledUnsafeDirectByteBuf.java:288) ~[netty-buffer-4.1.1.Final.jar:4.1.1.Final]
	at io.netty.buffer.AbstractByteBuf.writeBytes(AbstractByteBuf.java:1098) ~[netty-buffer-4.1.1.Final.jar:4.1.1.Final]
	at io.netty.channel.socket.nio.NioSocketChannel.doReadBytes(NioSocketChannel.java:350) ~[netty-transport-4.1.1.Final.jar:4.1.1.Final]
	at io.netty.channel.nio.AbstractNioByteChannel$NioByteUnsafe.read(AbstractNioByteChannel.java:112) ~[netty-transport-4.1.1.Final.jar:4.1.1.Final]
	at io.netty.channel.nio.NioEventLoop.processSelectedKey(NioEventLoop.java:563) [netty-transport-4.1.1.Final.jar:4.1.1.Final]
	at io.netty.channel.nio.NioEventLoop.processSelectedKeysOptimized(NioEventLoop.java:504) [netty-transport-4.1.1.Final.jar:4.1.1.Final]
	at io.netty.channel.nio.NioEventLoop.processSelectedKeys(NioEventLoop.java:418) [netty-transport-4.1.1.Final.jar:4.1.1.Final]
	at io.netty.channel.nio.NioEventLoop.run(NioEventLoop.java:390) [netty-transport-4.1.1.Final.jar:4.1.1.Final]
	at io.netty.util.concurrent.SingleThreadEventExecutor$5.run(SingleThreadEventExecutor.java:742) [netty-common-4.1.1.Final.jar:4.1.1.Final]
	at io.netty.util.concurrent.DefaultThreadFactory$DefaultRunnableDecorator.run(DefaultThreadFactory.java:145) [netty-common-4.1.1.Final.jar:4.1.1.Final]
	at java.lang.Thread.run(Thread.java:745) [na:1.8.0_25]
2018-08-06 19:27:09.661 ERROR c.c.s.l.DefaultExceptionListener - 远程主机强迫关闭了一个现有的连接。
java.io.IOException: 远程主机强迫关闭了一个现有的连接。
	at sun.nio.ch.SocketDispatcher.read0(Native Method) ~[na:1.8.0_25]
	at sun.nio.ch.SocketDispatcher.read(SocketDispatcher.java:43) ~[na:1.8.0_25]
	at sun.nio.ch.IOUtil.readIntoNativeBuffer(IOUtil.java:223) ~[na:1.8.0_25]
	at sun.nio.ch.IOUtil.read(IOUtil.java:192) ~[na:1.8.0_25]
	at sun.nio.ch.SocketChannelImpl.read(SocketChannelImpl.java:379) ~[na:1.8.0_25]
	at io.netty.buffer.PooledUnsafeDirectByteBuf.setBytes(PooledUnsafeDirectByteBuf.java:288) ~[netty-buffer-4.1.1.Final.jar:4.1.1.Final]
	at io.netty.buffer.AbstractByteBuf.writeBytes(AbstractByteBuf.java:1098) ~[netty-buffer-4.1.1.Final.jar:4.1.1.Final]
	at io.netty.channel.socket.nio.NioSocketChannel.doReadBytes(NioSocketChannel.java:350) ~[netty-transport-4.1.1.Final.jar:4.1.1.Final]
	at io.netty.channel.nio.AbstractNioByteChannel$NioByteUnsafe.read(AbstractNioByteChannel.java:112) ~[netty-transport-4.1.1.Final.jar:4.1.1.Final]
	at io.netty.channel.nio.NioEventLoop.processSelectedKey(NioEventLoop.java:563) [netty-transport-4.1.1.Final.jar:4.1.1.Final]
	at io.netty.channel.nio.NioEventLoop.processSelectedKeysOptimized(NioEventLoop.java:504) [netty-transport-4.1.1.Final.jar:4.1.1.Final]
	at io.netty.channel.nio.NioEventLoop.processSelectedKeys(NioEventLoop.java:418) [netty-transport-4.1.1.Final.jar:4.1.1.Final]
	at io.netty.channel.nio.NioEventLoop.run(NioEventLoop.java:390) [netty-transport-4.1.1.Final.jar:4.1.1.Final]
	at io.netty.util.concurrent.SingleThreadEventExecutor$5.run(SingleThreadEventExecutor.java:742) [netty-common-4.1.1.Final.jar:4.1.1.Final]
	at io.netty.util.concurrent.DefaultThreadFactory$DefaultRunnableDecorator.run(DefaultThreadFactory.java:145) [netty-common-4.1.1.Final.jar:4.1.1.Final]
	at java.lang.Thread.run(Thread.java:745) [na:1.8.0_25]
2018-08-06 19:35:12.939 ERROR c.c.s.l.DefaultExceptionListener - PreparedStatementCallback; bad SQL grammar [select * from fish_betround  order by createDate desc limit 1]; nested exception is com.mysql.jdbc.exceptions.jdbc4.MySQLSyntaxErrorException: Unknown column 'createDate' in 'order clause'
org.springframework.jdbc.BadSqlGrammarException: PreparedStatementCallback; bad SQL grammar [select * from fish_betround  order by createDate desc limit 1]; nested exception is com.mysql.jdbc.exceptions.jdbc4.MySQLSyntaxErrorException: Unknown column 'createDate' in 'order clause'
	at org.springframework.jdbc.support.SQLErrorCodeSQLExceptionTranslator.doTranslate(SQLErrorCodeSQLExceptionTranslator.java:231) ~[spring-jdbc-4.3.0.RELEASE.jar:4.3.0.RELEASE]
	at org.springframework.jdbc.support.AbstractFallbackSQLExceptionTranslator.translate(AbstractFallbackSQLExceptionTranslator.java:73) ~[spring-jdbc-4.3.0.RELEASE.jar:4.3.0.RELEASE]
	at org.springframework.jdbc.core.JdbcTemplate.execute(JdbcTemplate.java:649) ~[spring-jdbc-4.3.0.RELEASE.jar:4.3.0.RELEASE]
	at org.springframework.jdbc.core.JdbcTemplate.query(JdbcTemplate.java:684) ~[spring-jdbc-4.3.0.RELEASE.jar:4.3.0.RELEASE]
	at org.springframework.jdbc.core.JdbcTemplate.query(JdbcTemplate.java:716) ~[spring-jdbc-4.3.0.RELEASE.jar:4.3.0.RELEASE]
	at org.springframework.jdbc.core.JdbcTemplate.query(JdbcTemplate.java:726) ~[spring-jdbc-4.3.0.RELEASE.jar:4.3.0.RELEASE]
	at org.springframework.jdbc.core.JdbcTemplate.query(JdbcTemplate.java:776) ~[spring-jdbc-4.3.0.RELEASE.jar:4.3.0.RELEASE]
	at com.fish.server.web.base.dao.BaseDaoImpl.findAll(BaseDaoImpl.java:213) ~[classes/:na]
	at com.fish.server.web.dao.impl.bet.BetRoundDaoImpl.getLatesBetRound(BetRoundDaoImpl.java:66) ~[classes/:na]
	at com.fish.server.web.service.impl.BetServiceImpl.getCurrentBetRound(BetServiceImpl.java:22) ~[classes/:na]
	at com.fish.server.websocket.service.BetDataService.receiveData(BetDataService.java:57) ~[classes/:na]
	at com.fish.server.websocket.base.service.BaseService.onData(BaseService.java:49) ~[classes/:na]
	at com.fish.server.websocket.listener.OnDataListener.onData(OnDataListener.java:17) ~[classes/:na]
	at com.fish.server.websocket.listener.OnDataListener.onData(OnDataListener.java:10) ~[classes/:na]
	at com.corundumstudio.socketio.namespace.Namespace.onEvent(Namespace.java:136) ~[netty-socketio-1.7.12-SNAPSHOT.jar:na]
	at com.corundumstudio.socketio.handler.PacketListener.onPacket(PacketListener.java:103) [netty-socketio-1.7.12-SNAPSHOT.jar:na]
	at com.corundumstudio.socketio.handler.InPacketHandler.channelRead0(InPacketHandler.java:92) [netty-socketio-1.7.12-SNAPSHOT.jar:na]
	at com.corundumstudio.socketio.handler.InPacketHandler.channelRead0(InPacketHandler.java:36) [netty-socketio-1.7.12-SNAPSHOT.jar:na]
	at io.netty.channel.SimpleChannelInboundHandler.channelRead(SimpleChannelInboundHandler.java:105) [netty-transport-4.1.1.Final.jar:4.1.1.Final]
	at io.netty.channel.AbstractChannelHandlerContext.invokeChannelRead(AbstractChannelHandlerContext.java:348) [netty-transport-4.1.1.Final.jar:4.1.1.Final]
	at io.netty.channel.AbstractChannelHandlerContext.invokeChannelRead(AbstractChannelHandlerContext.java:334) [netty-transport-4.1.1.Final.jar:4.1.1.Final]
	at io.netty.channel.AbstractChannelHandlerContext.fireChannelRead(AbstractChannelHandlerContext.java:326) [netty-transport-4.1.1.Final.jar:4.1.1.Final]
	at io.netty.handler.codec.ByteToMessageDecoder.channelRead(ByteToMessageDecoder.java:271) [netty-codec-4.1.1.Final.jar:4.1.1.Final]
	at io.netty.channel.AbstractChannelHandlerContext.invokeChannelRead(AbstractChannelHandlerContext.java:348) [netty-transport-4.1.1.Final.jar:4.1.1.Final]
	at io.netty.channel.AbstractChannelHandlerContext.invokeChannelRead(AbstractChannelHandlerContext.java:334) [netty-transport-4.1.1.Final.jar:4.1.1.Final]
	at io.netty.channel.AbstractChannelHandlerContext.fireChannelRead(AbstractChannelHandlerContext.java:326) [netty-transport-4.1.1.Final.jar:4.1.1.Final]
	at io.netty.channel.DefaultChannelPipeline$HeadContext.channelRead(DefaultChannelPipeline.java:1320) [netty-transport-4.1.1.Final.jar:4.1.1.Final]
	at io.netty.channel.AbstractChannelHandlerContext.invokeChannelRead(AbstractChannelHandlerContext.java:348) [netty-transport-4.1.1.Final.jar:4.1.1.Final]
	at io.netty.channel.AbstractChannelHandlerContext.invokeChannelRead(AbstractChannelHandlerContext.java:334) [netty-transport-4.1.1.Final.jar:4.1.1.Final]
	at io.netty.channel.DefaultChannelPipeline.fireChannelRead(DefaultChannelPipeline.java:905) [netty-transport-4.1.1.Final.jar:4.1.1.Final]
	at com.corundumstudio.socketio.transport.WebSocketTransport.channelRead(WebSocketTransport.java:94) [netty-socketio-1.7.12-SNAPSHOT.jar:na]
	at io.netty.channel.AbstractChannelHandlerContext.invokeChannelRead(AbstractChannelHandlerContext.java:348) [netty-transport-4.1.1.Final.jar:4.1.1.Final]
	at io.netty.channel.AbstractChannelHandlerContext.invokeChannelRead(AbstractChannelHandlerContext.java:334) [netty-transport-4.1.1.Final.jar:4.1.1.Final]
	at io.netty.channel.AbstractChannelHandlerContext.fireChannelRead(AbstractChannelHandlerContext.java:326) [netty-transport-4.1.1.Final.jar:4.1.1.Final]
	at io.netty.handler.codec.MessageToMessageDecoder.channelRead(MessageToMessageDecoder.java:102) [netty-codec-4.1.1.Final.jar:4.1.1.Final]
	at io.netty.channel.AbstractChannelHandlerContext.invokeChannelRead(AbstractChannelHandlerContext.java:348) [netty-transport-4.1.1.Final.jar:4.1.1.Final]
	at io.netty.channel.AbstractChannelHandlerContext.invokeChannelRead(AbstractChannelHandlerContext.java:334) [netty-transport-4.1.1.Final.jar:4.1.1.Final]
	at io.netty.channel.AbstractChannelHandlerContext.fireChannelRead(AbstractChannelHandlerContext.java:326) [netty-transport-4.1.1.Final.jar:4.1.1.Final]
	at io.netty.handler.codec.MessageToMessageDecoder.channelRead(MessageToMessageDecoder.java:102) [netty-codec-4.1.1.Final.jar:4.1.1.Final]
	at io.netty.channel.AbstractChannelHandlerContext.invokeChannelRead(AbstractChannelHandlerContext.java:348) [netty-transport-4.1.1.Final.jar:4.1.1.Final]
	at io.netty.channel.AbstractChannelHandlerContext.invokeChannelRead(AbstractChannelHandlerContext.java:334) [netty-transport-4.1.1.Final.jar:4.1.1.Final]
	at io.netty.channel.AbstractChannelHandlerContext.fireChannelRead(AbstractChannelHandlerContext.java:326) [netty-transport-4.1.1.Final.jar:4.1.1.Final]
	at com.corundumstudio.socketio.transport.PollingTransport.channelRead(PollingTransport.java:110) [netty-socketio-1.7.12-SNAPSHOT.jar:na]
	at io.netty.channel.AbstractChannelHandlerContext.invokeChannelRead(AbstractChannelHandlerContext.java:348) [netty-transport-4.1.1.Final.jar:4.1.1.Final]
	at io.netty.channel.AbstractChannelHandlerContext.invokeChannelRead(AbstractChannelHandlerContext.java:334) [netty-transport-4.1.1.Final.jar:4.1.1.Final]
	at io.netty.channel.AbstractChannelHandlerContext.fireChannelRead(AbstractChannelHandlerContext.java:326) [netty-transport-4.1.1.Final.jar:4.1.1.Final]
	at com.corundumstudio.socketio.handler.AuthorizeHandler.channelRead(AuthorizeHandler.java:134) [netty-socketio-1.7.12-SNAPSHOT.jar:na]
	at io.netty.channel.AbstractChannelHandlerContext.invokeChannelRead(AbstractChannelHandlerContext.java:348) [netty-transport-4.1.1.Final.jar:4.1.1.Final]
	at io.netty.channel.AbstractChannelHandlerContext.invokeChannelRead(AbstractChannelHandlerContext.java:334) [netty-transport-4.1.1.Final.jar:4.1.1.Final]
	at io.netty.channel.AbstractChannelHandlerContext.fireChannelRead(AbstractChannelHandlerContext.java:326) [netty-transport-4.1.1.Final.jar:4.1.1.Final]
	at io.netty.channel.SimpleChannelInboundHandler.channelRead(SimpleChannelInboundHandler.java:108) [netty-transport-4.1.1.Final.jar:4.1.1.Final]
	at io.netty.channel.AbstractChannelHandlerContext.invokeChannelRead(AbstractChannelHandlerContext.java:348) [netty-transport-4.1.1.Final.jar:4.1.1.Final]
	at io.netty.channel.AbstractChannelHandlerContext.invokeChannelRead(AbstractChannelHandlerContext.java:334) [netty-transport-4.1.1.Final.jar:4.1.1.Final]
	at io.netty.channel.AbstractChannelHandlerContext.fireChannelRead(AbstractChannelHandlerContext.java:326) [netty-transport-4.1.1.Final.jar:4.1.1.Final]
	at io.netty.handler.codec.ByteToMessageDecoder.fireChannelRead(ByteToMessageDecoder.java:293) [netty-codec-4.1.1.Final.jar:4.1.1.Final]
	at io.netty.handler.codec.ByteToMessageDecoder.channelRead(ByteToMessageDecoder.java:267) [netty-codec-4.1.1.Final.jar:4.1.1.Final]
	at io.netty.channel.AbstractChannelHandlerContext.invokeChannelRead(AbstractChannelHandlerContext.java:348) [netty-transport-4.1.1.Final.jar:4.1.1.Final]
	at io.netty.channel.AbstractChannelHandlerContext.invokeChannelRead(AbstractChannelHandlerContext.java:334) [netty-transport-4.1.1.Final.jar:4.1.1.Final]
	at io.netty.channel.AbstractChannelHandlerContext.fireChannelRead(AbstractChannelHandlerContext.java:326) [netty-transport-4.1.1.Final.jar:4.1.1.Final]
	at io.netty.channel.DefaultChannelPipeline$HeadContext.channelRead(DefaultChannelPipeline.java:1320) [netty-transport-4.1.1.Final.jar:4.1.1.Final]
	at io.netty.channel.AbstractChannelHandlerContext.invokeChannelRead(AbstractChannelHandlerContext.java:348) [netty-transport-4.1.1.Final.jar:4.1.1.Final]
	at io.netty.channel.AbstractChannelHandlerContext.invokeChannelRead(AbstractChannelHandlerContext.java:334) [netty-transport-4.1.1.Final.jar:4.1.1.Final]
	at io.netty.channel.DefaultChannelPipeline.fireChannelRead(DefaultChannelPipeline.java:905) [netty-transport-4.1.1.Final.jar:4.1.1.Final]
	at io.netty.channel.nio.AbstractNioByteChannel$NioByteUnsafe.read(AbstractNioByteChannel.java:123) [netty-transport-4.1.1.Final.jar:4.1.1.Final]
	at io.netty.channel.nio.NioEventLoop.processSelectedKey(NioEventLoop.java:563) [netty-transport-4.1.1.Final.jar:4.1.1.Final]
	at io.netty.channel.nio.NioEventLoop.processSelectedKeysOptimized(NioEventLoop.java:504) [netty-transport-4.1.1.Final.jar:4.1.1.Final]
	at io.netty.channel.nio.NioEventLoop.processSelectedKeys(NioEventLoop.java:418) [netty-transport-4.1.1.Final.jar:4.1.1.Final]
	at io.netty.channel.nio.NioEventLoop.run(NioEventLoop.java:390) [netty-transport-4.1.1.Final.jar:4.1.1.Final]
	at io.netty.util.concurrent.SingleThreadEventExecutor$5.run(SingleThreadEventExecutor.java:742) [netty-common-4.1.1.Final.jar:4.1.1.Final]
	at io.netty.util.concurrent.DefaultThreadFactory$DefaultRunnableDecorator.run(DefaultThreadFactory.java:145) [netty-common-4.1.1.Final.jar:4.1.1.Final]
	at java.lang.Thread.run(Thread.java:745) [na:1.8.0_25]
Caused by: com.mysql.jdbc.exceptions.jdbc4.MySQLSyntaxErrorException: Unknown column 'createDate' in 'order clause'
	at sun.reflect.NativeConstructorAccessorImpl.newInstance0(Native Method) ~[na:1.8.0_25]
	at sun.reflect.NativeConstructorAccessorImpl.newInstance(NativeConstructorAccessorImpl.java:62) ~[na:1.8.0_25]
	at sun.reflect.DelegatingConstructorAccessorImpl.newInstance(DelegatingConstructorAccessorImpl.java:45) ~[na:1.8.0_25]
	at java.lang.reflect.Constructor.newInstance(Constructor.java:408) ~[na:1.8.0_25]
	at com.mysql.jdbc.Util.handleNewInstance(Util.java:404) ~[mysql-connector-java-5.1.37.jar:5.1.37]
	at com.mysql.jdbc.Util.getInstance(Util.java:387) ~[mysql-connector-java-5.1.37.jar:5.1.37]
	at com.mysql.jdbc.SQLError.createSQLException(SQLError.java:941) ~[mysql-connector-java-5.1.37.jar:5.1.37]
	at com.mysql.jdbc.MysqlIO.checkErrorPacket(MysqlIO.java:3870) ~[mysql-connector-java-5.1.37.jar:5.1.37]
	at com.mysql.jdbc.MysqlIO.checkErrorPacket(MysqlIO.java:3806) ~[mysql-connector-java-5.1.37.jar:5.1.37]
	at com.mysql.jdbc.MysqlIO.sendCommand(MysqlIO.java:2470) ~[mysql-connector-java-5.1.37.jar:5.1.37]
	at com.mysql.jdbc.MysqlIO.sqlQueryDirect(MysqlIO.java:2617) ~[mysql-connector-java-5.1.37.jar:5.1.37]
	at com.mysql.jdbc.ConnectionImpl.execSQL(ConnectionImpl.java:2550) ~[mysql-connector-java-5.1.37.jar:5.1.37]
	at com.mysql.jdbc.PreparedStatement.executeInternal(PreparedStatement.java:1861) ~[mysql-connector-java-5.1.37.jar:5.1.37]
	at com.mysql.jdbc.PreparedStatement.executeQuery(PreparedStatement.java:1962) ~[mysql-connector-java-5.1.37.jar:5.1.37]
	at com.alibaba.druid.filter.FilterChainImpl.preparedStatement_executeQuery(FilterChainImpl.java:2712) ~[druid-1.0.1.jar:1.0.1]
	at com.alibaba.druid.filter.FilterEventAdapter.preparedStatement_executeQuery(FilterEventAdapter.java:465) ~[druid-1.0.1.jar:1.0.1]
	at com.alibaba.druid.filter.FilterChainImpl.preparedStatement_executeQuery(FilterChainImpl.java:2709) ~[druid-1.0.1.jar:1.0.1]
	at com.alibaba.druid.proxy.jdbc.PreparedStatementProxyImpl.executeQuery(PreparedStatementProxyImpl.java:132) ~[druid-1.0.1.jar:1.0.1]
	at com.alibaba.druid.pool.DruidPooledPreparedStatement.executeQuery(DruidPooledPreparedStatement.java:227) ~[druid-1.0.1.jar:1.0.1]
	at org.springframework.jdbc.core.JdbcTemplate$1.doInPreparedStatement(JdbcTemplate.java:692) ~[spring-jdbc-4.3.0.RELEASE.jar:4.3.0.RELEASE]
	at org.springframework.jdbc.core.JdbcTemplate.execute(JdbcTemplate.java:633) ~[spring-jdbc-4.3.0.RELEASE.jar:4.3.0.RELEASE]
	... 68 common frames omitted
2018-08-06 20:44:53.723 ERROR c.c.s.l.DefaultExceptionListener - 远程主机强迫关闭了一个现有的连接。
java.io.IOException: 远程主机强迫关闭了一个现有的连接。
	at sun.nio.ch.SocketDispatcher.read0(Native Method) ~[na:1.8.0_25]
	at sun.nio.ch.SocketDispatcher.read(SocketDispatcher.java:43) ~[na:1.8.0_25]
	at sun.nio.ch.IOUtil.readIntoNativeBuffer(IOUtil.java:223) ~[na:1.8.0_25]
	at sun.nio.ch.IOUtil.read(IOUtil.java:192) ~[na:1.8.0_25]
	at sun.nio.ch.SocketChannelImpl.read(SocketChannelImpl.java:379) ~[na:1.8.0_25]
	at io.netty.buffer.PooledUnsafeDirectByteBuf.setBytes(PooledUnsafeDirectByteBuf.java:288) ~[netty-buffer-4.1.1.Final.jar:4.1.1.Final]
	at io.netty.buffer.AbstractByteBuf.writeBytes(AbstractByteBuf.java:1098) ~[netty-buffer-4.1.1.Final.jar:4.1.1.Final]
	at io.netty.channel.socket.nio.NioSocketChannel.doReadBytes(NioSocketChannel.java:350) ~[netty-transport-4.1.1.Final.jar:4.1.1.Final]
	at io.netty.channel.nio.AbstractNioByteChannel$NioByteUnsafe.read(AbstractNioByteChannel.java:112) ~[netty-transport-4.1.1.Final.jar:4.1.1.Final]
	at io.netty.channel.nio.NioEventLoop.processSelectedKey(NioEventLoop.java:563) [netty-transport-4.1.1.Final.jar:4.1.1.Final]
	at io.netty.channel.nio.NioEventLoop.processSelectedKeysOptimized(NioEventLoop.java:504) [netty-transport-4.1.1.Final.jar:4.1.1.Final]
	at io.netty.channel.nio.NioEventLoop.processSelectedKeys(NioEventLoop.java:418) [netty-transport-4.1.1.Final.jar:4.1.1.Final]
	at io.netty.channel.nio.NioEventLoop.run(NioEventLoop.java:390) [netty-transport-4.1.1.Final.jar:4.1.1.Final]
	at io.netty.util.concurrent.SingleThreadEventExecutor$5.run(SingleThreadEventExecutor.java:742) [netty-common-4.1.1.Final.jar:4.1.1.Final]
	at io.netty.util.concurrent.DefaultThreadFactory$DefaultRunnableDecorator.run(DefaultThreadFactory.java:145) [netty-common-4.1.1.Final.jar:4.1.1.Final]
	at java.lang.Thread.run(Thread.java:745) [na:1.8.0_25]
2018-08-06 20:46:58.003 ERROR c.c.s.l.DefaultExceptionListener - 远程主机强迫关闭了一个现有的连接。
java.io.IOException: 远程主机强迫关闭了一个现有的连接。
	at sun.nio.ch.SocketDispatcher.read0(Native Method) ~[na:1.8.0_25]
	at sun.nio.ch.SocketDispatcher.read(SocketDispatcher.java:43) ~[na:1.8.0_25]
	at sun.nio.ch.IOUtil.readIntoNativeBuffer(IOUtil.java:223) ~[na:1.8.0_25]
	at sun.nio.ch.IOUtil.read(IOUtil.java:192) ~[na:1.8.0_25]
	at sun.nio.ch.SocketChannelImpl.read(SocketChannelImpl.java:379) ~[na:1.8.0_25]
	at io.netty.buffer.PooledUnsafeDirectByteBuf.setBytes(PooledUnsafeDirectByteBuf.java:288) ~[netty-buffer-4.1.1.Final.jar:4.1.1.Final]
	at io.netty.buffer.AbstractByteBuf.writeBytes(AbstractByteBuf.java:1098) ~[netty-buffer-4.1.1.Final.jar:4.1.1.Final]
	at io.netty.channel.socket.nio.NioSocketChannel.doReadBytes(NioSocketChannel.java:350) ~[netty-transport-4.1.1.Final.jar:4.1.1.Final]
	at io.netty.channel.nio.AbstractNioByteChannel$NioByteUnsafe.read(AbstractNioByteChannel.java:112) ~[netty-transport-4.1.1.Final.jar:4.1.1.Final]
	at io.netty.channel.nio.NioEventLoop.processSelectedKey(NioEventLoop.java:563) [netty-transport-4.1.1.Final.jar:4.1.1.Final]
	at io.netty.channel.nio.NioEventLoop.processSelectedKeysOptimized(NioEventLoop.java:504) [netty-transport-4.1.1.Final.jar:4.1.1.Final]
	at io.netty.channel.nio.NioEventLoop.processSelectedKeys(NioEventLoop.java:418) [netty-transport-4.1.1.Final.jar:4.1.1.Final]
	at io.netty.channel.nio.NioEventLoop.run(NioEventLoop.java:390) [netty-transport-4.1.1.Final.jar:4.1.1.Final]
	at io.netty.util.concurrent.SingleThreadEventExecutor$5.run(SingleThreadEventExecutor.java:742) [netty-common-4.1.1.Final.jar:4.1.1.Final]
	at io.netty.util.concurrent.DefaultThreadFactory$DefaultRunnableDecorator.run(DefaultThreadFactory.java:145) [netty-common-4.1.1.Final.jar:4.1.1.Final]
	at java.lang.Thread.run(Thread.java:745) [na:1.8.0_25]
2018-08-06 20:53:42.561 ERROR c.c.s.l.DefaultExceptionListener - 远程主机强迫关闭了一个现有的连接。
java.io.IOException: 远程主机强迫关闭了一个现有的连接。
	at sun.nio.ch.SocketDispatcher.read0(Native Method) ~[na:1.8.0_25]
	at sun.nio.ch.SocketDispatcher.read(SocketDispatcher.java:43) ~[na:1.8.0_25]
	at sun.nio.ch.IOUtil.readIntoNativeBuffer(IOUtil.java:223) ~[na:1.8.0_25]
	at sun.nio.ch.IOUtil.read(IOUtil.java:192) ~[na:1.8.0_25]
	at sun.nio.ch.SocketChannelImpl.read(SocketChannelImpl.java:379) ~[na:1.8.0_25]
	at io.netty.buffer.PooledUnsafeDirectByteBuf.setBytes(PooledUnsafeDirectByteBuf.java:288) ~[netty-buffer-4.1.1.Final.jar:4.1.1.Final]
	at io.netty.buffer.AbstractByteBuf.writeBytes(AbstractByteBuf.java:1098) ~[netty-buffer-4.1.1.Final.jar:4.1.1.Final]
	at io.netty.channel.socket.nio.NioSocketChannel.doReadBytes(NioSocketChannel.java:350) ~[netty-transport-4.1.1.Final.jar:4.1.1.Final]
	at io.netty.channel.nio.AbstractNioByteChannel$NioByteUnsafe.read(AbstractNioByteChannel.java:112) ~[netty-transport-4.1.1.Final.jar:4.1.1.Final]
	at io.netty.channel.nio.NioEventLoop.processSelectedKey(NioEventLoop.java:563) [netty-transport-4.1.1.Final.jar:4.1.1.Final]
	at io.netty.channel.nio.NioEventLoop.processSelectedKeysOptimized(NioEventLoop.java:504) [netty-transport-4.1.1.Final.jar:4.1.1.Final]
	at io.netty.channel.nio.NioEventLoop.processSelectedKeys(NioEventLoop.java:418) [netty-transport-4.1.1.Final.jar:4.1.1.Final]
	at io.netty.channel.nio.NioEventLoop.run(NioEventLoop.java:390) [netty-transport-4.1.1.Final.jar:4.1.1.Final]
	at io.netty.util.concurrent.SingleThreadEventExecutor$5.run(SingleThreadEventExecutor.java:742) [netty-common-4.1.1.Final.jar:4.1.1.Final]
	at io.netty.util.concurrent.DefaultThreadFactory$DefaultRunnableDecorator.run(DefaultThreadFactory.java:145) [netty-common-4.1.1.Final.jar:4.1.1.Final]
	at java.lang.Thread.run(Thread.java:745) [na:1.8.0_25]
2018-08-06 20:57:28.084 ERROR c.c.s.l.DefaultExceptionListener - 远程主机强迫关闭了一个现有的连接。
java.io.IOException: 远程主机强迫关闭了一个现有的连接。
	at sun.nio.ch.SocketDispatcher.read0(Native Method) ~[na:1.8.0_25]
	at sun.nio.ch.SocketDispatcher.read(SocketDispatcher.java:43) ~[na:1.8.0_25]
	at sun.nio.ch.IOUtil.readIntoNativeBuffer(IOUtil.java:223) ~[na:1.8.0_25]
	at sun.nio.ch.IOUtil.read(IOUtil.java:192) ~[na:1.8.0_25]
	at sun.nio.ch.SocketChannelImpl.read(SocketChannelImpl.java:379) ~[na:1.8.0_25]
	at io.netty.buffer.PooledUnsafeDirectByteBuf.setBytes(PooledUnsafeDirectByteBuf.java:288) ~[netty-buffer-4.1.1.Final.jar:4.1.1.Final]
	at io.netty.buffer.AbstractByteBuf.writeBytes(AbstractByteBuf.java:1098) ~[netty-buffer-4.1.1.Final.jar:4.1.1.Final]
	at io.netty.channel.socket.nio.NioSocketChannel.doReadBytes(NioSocketChannel.java:350) ~[netty-transport-4.1.1.Final.jar:4.1.1.Final]
	at io.netty.channel.nio.AbstractNioByteChannel$NioByteUnsafe.read(AbstractNioByteChannel.java:112) ~[netty-transport-4.1.1.Final.jar:4.1.1.Final]
	at io.netty.channel.nio.NioEventLoop.processSelectedKey(NioEventLoop.java:563) [netty-transport-4.1.1.Final.jar:4.1.1.Final]
	at io.netty.channel.nio.NioEventLoop.processSelectedKeysOptimized(NioEventLoop.java:504) [netty-transport-4.1.1.Final.jar:4.1.1.Final]
	at io.netty.channel.nio.NioEventLoop.processSelectedKeys(NioEventLoop.java:418) [netty-transport-4.1.1.Final.jar:4.1.1.Final]
	at io.netty.channel.nio.NioEventLoop.run(NioEventLoop.java:390) [netty-transport-4.1.1.Final.jar:4.1.1.Final]
	at io.netty.util.concurrent.SingleThreadEventExecutor$5.run(SingleThreadEventExecutor.java:742) [netty-common-4.1.1.Final.jar:4.1.1.Final]
	at io.netty.util.concurrent.DefaultThreadFactory$DefaultRunnableDecorator.run(DefaultThreadFactory.java:145) [netty-common-4.1.1.Final.jar:4.1.1.Final]
	at java.lang.Thread.run(Thread.java:745) [na:1.8.0_25]
2018-08-06 21:18:11.590 ERROR c.c.s.l.DefaultExceptionListener - 远程主机强迫关闭了一个现有的连接。
java.io.IOException: 远程主机强迫关闭了一个现有的连接。
	at sun.nio.ch.SocketDispatcher.read0(Native Method) ~[na:1.8.0_25]
	at sun.nio.ch.SocketDispatcher.read(SocketDispatcher.java:43) ~[na:1.8.0_25]
	at sun.nio.ch.IOUtil.readIntoNativeBuffer(IOUtil.java:223) ~[na:1.8.0_25]
	at sun.nio.ch.IOUtil.read(IOUtil.java:192) ~[na:1.8.0_25]
	at sun.nio.ch.SocketChannelImpl.read(SocketChannelImpl.java:379) ~[na:1.8.0_25]
	at io.netty.buffer.PooledUnsafeDirectByteBuf.setBytes(PooledUnsafeDirectByteBuf.java:288) ~[netty-buffer-4.1.1.Final.jar:4.1.1.Final]
	at io.netty.buffer.AbstractByteBuf.writeBytes(AbstractByteBuf.java:1098) ~[netty-buffer-4.1.1.Final.jar:4.1.1.Final]
	at io.netty.channel.socket.nio.NioSocketChannel.doReadBytes(NioSocketChannel.java:350) ~[netty-transport-4.1.1.Final.jar:4.1.1.Final]
	at io.netty.channel.nio.AbstractNioByteChannel$NioByteUnsafe.read(AbstractNioByteChannel.java:112) ~[netty-transport-4.1.1.Final.jar:4.1.1.Final]
	at io.netty.channel.nio.NioEventLoop.processSelectedKey(NioEventLoop.java:563) [netty-transport-4.1.1.Final.jar:4.1.1.Final]
	at io.netty.channel.nio.NioEventLoop.processSelectedKeysOptimized(NioEventLoop.java:504) [netty-transport-4.1.1.Final.jar:4.1.1.Final]
	at io.netty.channel.nio.NioEventLoop.processSelectedKeys(NioEventLoop.java:418) [netty-transport-4.1.1.Final.jar:4.1.1.Final]
	at io.netty.channel.nio.NioEventLoop.run(NioEventLoop.java:390) [netty-transport-4.1.1.Final.jar:4.1.1.Final]
	at io.netty.util.concurrent.SingleThreadEventExecutor$5.run(SingleThreadEventExecutor.java:742) [netty-common-4.1.1.Final.jar:4.1.1.Final]
	at io.netty.util.concurrent.DefaultThreadFactory$DefaultRunnableDecorator.run(DefaultThreadFactory.java:145) [netty-common-4.1.1.Final.jar:4.1.1.Final]
	at java.lang.Thread.run(Thread.java:745) [na:1.8.0_25]
